<?xml version="1.0" encoding="UTF-8"?>
<testsuite xmlns:xsi="http://www.w3.org/2001/XMLSchema-instance" xsi:noNamespaceSchemaLocation="https://maven.apache.org/surefire/maven-surefire-plugin/xsd/surefire-test-report-3.0.xsd" version="3.0" name="com.example.todoapp.controller.TodoControllerTest" time="5.582" tests="7" errors="0" skipped="0" failures="0">
  <properties>
[...]
</properties>
  <testcase name="testUpdateNonExistentTodo" classname="com.example.todoapp.controller.TodoControllerTest" time="0.64">
    <system-out><![CDATA[14:44:47.517 [main] INFO org.springframework.test.context.support.AnnotationConfigContextLoaderUtils -- Could not detect default configuration classes for test class [com.example.todoapp.controller.TodoControllerTest]: TodoControllerTest does not declare any static, non-private, non-final, nested classes annotated with @Configuration.
14:44:47.720 [main] INFO org.springframework.boot.test.context.SpringBootTestContextBootstrapper -- Found @SpringBootConfiguration com.example.todoapp.TodoApplication for test class com.example.todoapp.controller.TodoControllerTest

  .   ____          _            __ _ _
 /\\ / ___'_ __ _ _(_)_ __  __ _ \ \ \ \
( ( )\___ | '_ | '_| | '_ \/ _` | \ \ \ \
 \\/  ___)| |_)| | | | | || (_| |  ) ) ) )
  '  |____| .__|_| |_|_| |_\__, | / / / /
 =========|_|==============|___/=/_/_/_/

 :: Spring Boot ::                (v3.3.2)

2025-09-03T14:44:48.224+02:00  INFO 27012 --- [           main] c.e.t.controller.TodoControllerTest      : Starting TodoControllerTest using Java 21.0.8 with PID 27012 (started by RMotallebi in C:\Users\RMotallebi\OneDrive - Marex\Reza\Personal - Java\goodProj)
2025-09-03T14:44:48.227+02:00  INFO 27012 --- [           main] c.e.t.controller.TodoControllerTest      : No active profile set, falling back to 1 default profile: "default"
2025-09-03T14:44:50.989+02:00  INFO 27012 --- [           main] o.s.b.a.w.s.WelcomePageHandlerMapping    : Adding welcome page: class path resource [static/index.html]
2025-09-03T14:44:51.929+02:00  INFO 27012 --- [           main] o.s.b.t.m.w.SpringBootMockServletContext : Initializing Spring TestDispatcherServlet ''
2025-09-03T14:44:51.929+02:00  INFO 27012 --- [           main] o.s.t.web.servlet.TestDispatcherServlet  : Initializing Servlet ''
2025-09-03T14:44:51.936+02:00  INFO 27012 --- [           main] o.s.t.web.servlet.TestDispatcherServlet  : Completed initialization in 2 ms
2025-09-03T14:44:52.011+02:00  INFO 27012 --- [           main] c.e.t.controller.TodoControllerTest      : Started TodoControllerTest in 4.196 seconds (process running for 5.558)
]]></system-out>
    <system-err><![CDATA[WARNING: A Java agent has been loaded dynamically (C:\Users\RMotallebi\.m2\repository\net\bytebuddy\byte-buddy-agent\1.14.18\byte-buddy-agent-1.14.18.jar)
WARNING: If a serviceability tool is in use, please run with -XX:+EnableDynamicAgentLoading to hide this warning
WARNING: If a serviceability tool is not in use, please run with -Djdk.instrument.traceUsage for more information
WARNING: Dynamic loading of agents will be disallowed by default in a future release
]]></system-err>
  </testcase>
  <testcase name="testCreateTodoWithEmptyTitle" classname="com.example.todoapp.controller.TodoControllerTest" time="0.01"/>
  <testcase name="testGetAllTodos" classname="com.example.todoapp.controller.TodoControllerTest" time="0.099"/>
  <testcase name="testUpdateTodo" classname="com.example.todoapp.controller.TodoControllerTest" time="0.014"/>
  <testcase name="testCreateTodo" classname="com.example.todoapp.controller.TodoControllerTest" time="0.009"/>
  <testcase name="testDeleteTodo" classname="com.example.todoapp.controller.TodoControllerTest" time="0.019"/>
  <testcase name="testDeleteNonExistentTodo" classname="com.example.todoapp.controller.TodoControllerTest" time="0.007"/>
</testsuite>